#This is an example of the log file output.
#
#
========================================================================
09/13/18 09:13:40.369221
File1 is 4314989
PNW1 is 158332
PNW_Contact.txt is 105976
PNW_Contacts.txt is 105976
The final file is 105976k
Success!! - File Size is 105976
========================================================================
========================================================================
09/13/18 09:24:09.355514
File1 is 4314989k
PNW1 is 158332k
PNW_Contact.txt is 105976k
PNW_Contacts.txt is 105976k
The final file is 105976k
Success!! - File Size is 105976k
========================================================================
========================================================================
09/13/18 10:10:01.265271
File1 is 4315114k
PNW1 is 158332k
PNW_Contact.txt is 105976k
PNW_Contacts.txt is 105976k
The final file is 105976k
Success!! - File Size is 105976k
========================================================================
========================================================================
09/13/18 11:10:01.347993
File1 is 4315265k
PNW1 is 158332k
PNW_Contact.txt is 105976k
PNW_Contacts.txt is 105976k
The final file is 105976k
Success!! - File Size is 105976k
========================================================================
========================================================================
09/13/18 12:10:01.645455
File1 is 4315389k
PNW1 is 158393k
PNW_Contact.txt is 106018k
PNW_Contacts.txt is 106018k
The final file is 106018k
Success!! - File Size is 106018k
========================================================================
========================================================================
09/13/18 13:10:01.617717
File1 is 4315743k
PNW1 is 158604k
PNW_Contact.txt is 106176k
PNW_Contacts.txt is 106176k
The final file is 106176k
Success!! - File Size is 106176k
========================================================================
